{"error":{"code":401},"level":"warn","message":"Invalid token provided.","service":"user-service","timestamp":"2024-04-18T08:13:44.557Z"}
{"error":{"code":401},"level":"warn","message":"Invalid token provided.","service":"user-service","timestamp":"2024-04-18T08:14:03.721Z"}
{"error":{"code":401},"level":"warn","message":"Invalid token provided.","service":"user-service","timestamp":"2024-04-18T08:14:08.209Z"}
{"error":{"code":401},"level":"warn","message":"Unauthorized","service":"user-service","timestamp":"2024-04-18T08:14:10.562Z"}
{"error":{},"level":"error","message":"Operation `users.findOne()` buffering timed out after 10000ms","service":"user-service","timestamp":"2024-04-18T08:14:27.974Z"}
{"error":{"kind":"ObjectId","message":"Cast to ObjectId failed for value \"661fc\" (type string) at path \"_id\" for model \"Blog\"","name":"CastError","path":"_id","reason":{},"stringValue":"\"661fc\"","value":"661fc","valueType":"string"},"level":"error","message":"Cast to ObjectId failed for value \"661fc\" (type string) at path \"_id\" for model \"Blog\"","service":"user-service","timestamp":"2024-04-18T08:14:50.996Z"}
{"error":{"code":500},"level":"warn","message":"redis.set is not a function","service":"user-service","timestamp":"2024-05-30T20:09:20.785Z"}
{"error":{"code":500},"level":"warn","message":"redis.set is not a function","service":"user-service","timestamp":"2024-05-30T20:10:26.491Z"}
{"error":{"code":500},"level":"warn","message":"Cannot read properties of undefined (reading 'toString')","service":"user-service","timestamp":"2024-05-30T20:17:08.237Z"}
{"error":{"code":500},"level":"warn","message":"Cast to ObjectId failed for value \"test\" (type string) at path \"author\" for model \"Blog\"","service":"user-service","timestamp":"2024-05-30T20:18:06.292Z"}
{"error":{"code":500},"level":"warn","message":"Cast to ObjectId failed for value \"test\" (type string) at path \"author\" for model \"Blog\"","service":"user-service","timestamp":"2024-05-30T20:18:39.269Z"}
{"error":{"code":500},"level":"warn","message":"Cast to ObjectId failed for value \"test\" (type string) at path \"author\" for model \"Blog\"","service":"user-service","timestamp":"2024-05-30T20:19:10.170Z"}
{"error":{"code":500},"level":"warn","message":"Cast to ObjectId failed for value \"test\" (type string) at path \"author\" for model \"Blog\"","service":"user-service","timestamp":"2024-05-30T20:19:29.566Z"}
{"error":{},"level":"error","message":"Cannot access 'orderBy' before initialization","service":"user-service","timestamp":"2024-05-30T20:25:00.822Z"}
{"error":{},"level":"error","message":"constructCacheKey is not defined","service":"user-service","timestamp":"2024-05-30T20:29:15.642Z"}
{"error":{},"level":"error","message":"tags.map is not a function","service":"user-service","timestamp":"2024-05-30T20:29:32.448Z"}
{"error":{},"level":"error","message":"constructCacheKey is not defined","service":"user-service","timestamp":"2024-05-30T20:40:34.046Z"}
{"error":{},"level":"error","message":"query is not defined","service":"user-service","timestamp":"2024-05-30T20:40:45.679Z"}
{"error":{},"level":"error","message":"ErrorWithStatus is not defined","service":"user-service","timestamp":"2024-05-30T20:41:20.240Z"}
{"error":{"code":500},"level":"warn","message":"redisClientPromise is not defined","service":"user-service","timestamp":"2024-05-30T20:41:30.729Z"}
